# JRE version: OpenJDK Runtime Environment (19.0.2+7) (build 19.0.2+7-44)
# Java VM: OpenJDK 64-Bit Server VM (19.0.2+7-44, mixed mode, emulated-client, sharing, tiered, compressed oops, compressed class ptrs, g1 gc, windows-amd64)
GC Precious Log:
 CardTable entry size: 512
 Card Set container configuration: InlinePtr #cards 5 size 8 Array Of Cards #cards 12 size 40 Howl #buckets 4 coarsen threshold 1843 Howl Bitmap #cards 512 size 80 coarsen threshold 460 Card regions per heap region 1 cards per card region 2048
 CPUs: 8 total, 8 available
 Memory: 8036M
 Large Page Support: Disabled
 NUMA Support: Disabled
 Compressed Oops: Enabled (32-bit)
 Heap Region Size: 1M
 Heap Min Capacity: 8M
 Heap Initial Capacity: 126M
 Heap Max Capacity: 2010M
 Pre-touch: Disabled
 Parallel Workers: 8
 Concurrent Workers: 2
 Concurrent Refinement Workers: 8
 Periodic GC: Disabled
Heap:
 garbage-first heap   total 130048K, used 49756K [0x0000000082600000, 0x0000000100000000)
  region size 1024K, 23 young (23552K), 1 survivors (1024K)
 Metaspace       used 67125K, committed 67712K, reserved 1114112K
  class space    used 9454K, committed 9792K, reserved 1048576K
GC Heap History (20 events):
Event: 3285.047 GC heap before
{Heap before GC invocations=115 (full 0):
 garbage-first heap   total 109568K, used 92908K [0x0000000082600000, 0x0000000100000000)
  region size 1024K, 64 young (65536K), 1 survivors (1024K)
 Metaspace       used 67079K, committed 67712K, reserved 1114112K
  class space    used 9446K, committed 9792K, reserved 1048576K
}
Event: 3285.049 GC heap after
{Heap after GC invocations=116 (full 0):
 garbage-first heap   total 109568K, used 29451K [0x0000000082600000, 0x0000000100000000)
  region size 1024K, 1 young (1024K), 1 survivors (1024K)
 Metaspace       used 67079K, committed 67712K, reserved 1114112K
  class space    used 9446K, committed 9792K, reserved 1048576K
}
Event: 3285.192 GC heap before
{Heap before GC invocations=116 (full 0):
 garbage-first heap   total 109568K, used 33547K [0x0000000082600000, 0x0000000100000000)
  region size 1024K, 5 young (5120K), 1 survivors (1024K)
 Metaspace       used 67079K, committed 67712K, reserved 1114112K
  class space    used 9446K, committed 9792K, reserved 1048576K
}
Event: 3285.199 GC heap after
{Heap after GC invocations=117 (full 0):
 garbage-first heap   total 109568K, used 29249K [0x0000000082600000, 0x0000000100000000)
  region size 1024K, 1 young (1024K), 1 survivors (1024K)
 Metaspace       used 67079K, committed 67712K, reserved 1114112K
  class space    used 9446K, committed 9792K, reserved 1048576K
}
Event: 3288.903 GC heap before
{Heap before GC invocations=117 (full 0):
 garbage-first heap   total 109568K, used 92737K [0x0000000082600000, 0x0000000100000000)
  region size 1024K, 64 young (65536K), 1 survivors (1024K)
 Metaspace       used 67079K, committed 67712K, reserved 1114112K
  class space    used 9446K, committed 9792K, reserved 1048576K
}
Event: 3288.905 GC heap after
{Heap after GC invocations=118 (full 0):
 garbage-first heap   total 109568K, used 29235K [0x0000000082600000, 0x0000000100000000)
  region size 1024K, 1 young (1024K), 1 survivors (1024K)
 Metaspace       used 67079K, committed 67712K, reserved 1114112K
  class space    used 9446K, committed 9792K, reserved 1048576K
}
Event: 3291.401 GC heap before
{Heap before GC invocations=119 (full 0):
 garbage-first heap   total 106496K, used 90675K [0x0000000082600000, 0x0000000100000000)
  region size 1024K, 62 young (63488K), 1 survivors (1024K)
 Metaspace       used 67079K, committed 67712K, reserved 1114112K
  class space    used 9446K, committed 9792K, reserved 1048576K
}
Event: 3291.402 GC heap after
{Heap after GC invocations=120 (full 0):
 garbage-first heap   total 106496K, used 29271K [0x0000000082600000, 0x0000000100000000)
  region size 1024K, 1 young (1024K), 1 survivors (1024K)
 Metaspace       used 67079K, committed 67712K, reserved 1114112K
  class space    used 9446K, committed 9792K, reserved 1048576K
}
Event: 3291.516 GC heap before
{Heap before GC invocations=120 (full 0):
 garbage-first heap   total 106496K, used 33367K [0x0000000082600000, 0x0000000100000000)
  region size 1024K, 5 young (5120K), 1 survivors (1024K)
 Metaspace       used 67079K, committed 67712K, reserved 1114112K
  class space    used 9446K, committed 9792K, reserved 1048576K
}
Event: 3291.519 GC heap after
{Heap after GC invocations=121 (full 0):
 garbage-first heap   total 106496K, used 29256K [0x0000000082600000, 0x0000000100000000)
  region size 1024K, 1 young (1024K), 1 survivors (1024K)
 Metaspace       used 67079K, committed 67712K, reserved 1114112K
  class space    used 9446K, committed 9792K, reserved 1048576K
}
Event: 3294.037 GC heap before
{Heap before GC invocations=121 (full 0):
 garbage-first heap   total 106496K, used 90696K [0x0000000082600000, 0x0000000100000000)
  region size 1024K, 62 young (63488K), 1 survivors (1024K)
 Metaspace       used 67079K, committed 67712K, reserved 1114112K
  class space    used 9446K, committed 9792K, reserved 1048576K
}
Event: 3294.039 GC heap after
{Heap after GC invocations=122 (full 0):
 garbage-first heap   total 106496K, used 29237K [0x0000000082600000, 0x0000000100000000)
  region size 1024K, 1 young (1024K), 1 survivors (1024K)
 Metaspace       used 67079K, committed 67712K, reserved 1114112K
  class space    used 9446K, committed 9792K, reserved 1048576K
}
Event: 3301.269 GC heap before
{Heap before GC invocations=123 (full 0):
 garbage-first heap   total 106496K, used 90677K [0x0000000082600000, 0x0000000100000000)
  region size 1024K, 62 young (63488K), 1 survivors (1024K)
 Metaspace       used 67079K, committed 67712K, reserved 1114112K
  class space    used 9446K, committed 9792K, reserved 1048576K
}
Event: 3301.271 GC heap after
{Heap after GC invocations=124 (full 0):
 garbage-first heap   total 106496K, used 29410K [0x0000000082600000, 0x0000000100000000)
  region size 1024K, 1 young (1024K), 1 survivors (1024K)
 Metaspace       used 67079K, committed 67712K, reserved 1114112K
  class space    used 9446K, committed 9792K, reserved 1048576K
}
Event: 3301.400 GC heap before
{Heap before GC invocations=124 (full 0):
 garbage-first heap   total 106496K, used 32482K [0x0000000082600000, 0x0000000100000000)
  region size 1024K, 5 young (5120K), 1 survivors (1024K)
 Metaspace       used 67079K, committed 67712K, reserved 1114112K
  class space    used 9446K, committed 9792K, reserved 1048576K
}
Event: 3301.403 GC heap after
{Heap after GC invocations=125 (full 0):
 garbage-first heap   total 106496K, used 29250K [0x0000000082600000, 0x0000000100000000)
  region size 1024K, 1 young (1024K), 1 survivors (1024K)
 Metaspace       used 67079K, committed 67712K, reserved 1114112K
  class space    used 9446K, committed 9792K, reserved 1048576K
}
Event: 3306.221 GC heap before
{Heap before GC invocations=125 (full 0):
 garbage-first heap   total 106496K, used 90690K [0x0000000082600000, 0x0000000100000000)
  region size 1024K, 62 young (63488K), 1 survivors (1024K)
 Metaspace       used 67079K, committed 67712K, reserved 1114112K
  class space    used 9446K, committed 9792K, reserved 1048576K
}
Event: 3306.224 GC heap after
{Heap after GC invocations=126 (full 0):
 garbage-first heap   total 130048K, used 29298K [0x0000000082600000, 0x0000000100000000)
  region size 1024K, 1 young (1024K), 1 survivors (1024K)
 Metaspace       used 67079K, committed 67712K, reserved 1114112K
  class space    used 9446K, committed 9792K, reserved 1048576K
}
Event: 3309.525 GC heap before
{Heap before GC invocations=126 (full 0):
 garbage-first heap   total 130048K, used 105074K [0x0000000082600000, 0x0000000100000000)
  region size 1024K, 76 young (77824K), 1 survivors (1024K)
 Metaspace       used 67079K, committed 67712K, reserved 1114112K
  class space    used 9446K, committed 9792K, reserved 1048576K
}
Event: 3309.528 GC heap after
{Heap after GC invocations=127 (full 0):
 garbage-first heap   total 130048K, used 29276K [0x0000000082600000, 0x0000000100000000)
  region size 1024K, 1 young (1024K), 1 survivors (1024K)
 Metaspace       used 67079K, committed 67712K, reserved 1114112K
  class space    used 9446K, committed 9792K, reserved 1048576K
}

